PS C:\Users\NormalUser> Get-LocalUser -Name NormalUser | Format-List # NormalUser??????????
>>


AccountExpires         :
Description            :
Enabled                : True
FullName               : hoge
PasswordChangeableDate : 2020/11/16 23:56:18
PasswordExpires        :
UserMayChangePassword  : True
PasswordRequired       : True
PasswordLastSet        : 2020/11/16 23:56:18
LastLogon              : 2020/11/17 0:47:37
Name                   : NormalUser
SID                    : S-1-5-21-1342186295-3794931512-398705387-1008
PrincipalSource        : Local
ObjectClass            : User



PS C:\Users\NormalUser> Get-LocalGroup -Name Users | Format-List # Users???????????
>>


Description     : Users are prevented from making accidental or intentional system-wide changes and can run most applications
Name            : Users
SID             : S-1-5-32-545
PrincipalSource : Local
ObjectClass     : Group



PS C:\Users\NormalUser> Get-LocalGroupMember -Name Users | Format-List # -> NormalUser?????
>>


Name            : EC2AMAZ-EL7HT5B\hoge
SID             : S-1-5-21-1342186295-3794931512-398705387-1010
PrincipalSource : Local
ObjectClass     : User

Name            : EC2AMAZ-EL7HT5B\NormalUser
SID             : S-1-5-21-1342186295-3794931512-398705387-1008
PrincipalSource : Local
ObjectClass     : User

Name            : NT AUTHORITY\Authenticated Users
SID             : S-1-5-11
PrincipalSource : Unknown
ObjectClass     : Group

Name            : NT AUTHORITY\INTERACTIVE
SID             : S-1-5-4
PrincipalSource : Unknown
ObjectClass     : Group



PS C:\Users\NormalUser> Get-Date
>>

2020年11月17日 1:09:27


PS C:\Users\NormalUser> Get-WmiObject Win32_OperatingSystem # Windows????????
>>


SystemDirectory : C:\Windows\system32
Organization    : Amazon.com
BuildNumber     : 17763
RegisteredUser  : EC2
SerialNumber    : 00430-00000-00000-AA239
Version         : 10.0.17763



PS C:\Users\NormalUser> whoami
>>
ec2amaz-el7ht5b\normaluser
PS C:\Users\NormalUser>
PS C:\Users\NormalUser>
PS C:\Users\NormalUser>
PS C:\Users\NormalUser>
PS C:\Users\NormalUser>
PS C:\Users\NormalUser> Get-WinEvent -ListLog *
>>

LogMode   MaximumSizeInBytes RecordCount LogName
-------   ------------------ ----------- -------
Circular            20971520         114 Application
Circular            20971520           0 HardwareEvents
Circular             1052672           0 Internet Explorer
Circular            20971520           0 Key Management Service
Get-WinEvent : Could not retrieve information about the Security log. Error: Attempted to perform an unauthorized operation..
At line:1 char:1
+ Get-WinEvent -ListLog *
+ ~~~~~~~~~~~~~~~~~~~~~~~
    + CategoryInfo          : NotSpecified: (:) [Get-WinEvent], Exception
    + FullyQualifiedErrorId : LogInfoUnavailable,Microsoft.PowerShell.Commands.GetWinEventCommand

Circular            20971520        1130 System
Circular            15728640         984 Windows PowerShell
Circular            20971520             ForwardedEvents
Circular            10485760           0 Microsoft-AppV-Client/Admin
Circular            10485760           0 Microsoft-AppV-Client/Operational
Circular            10485760           0 Microsoft-AppV-Client/Virtual Applications
Circular             1052672          41 Microsoft-Client-Licensing-Platform/Admin
Circular             1052672             Microsoft-Management-UI/Admin
Circular             1052672           0 Microsoft-Rdms-UI/Admin
Circular             1052672           0 Microsoft-Rdms-UI/Operational
Circular             1052672           0 Microsoft-User Experience Virtualization-Agent Driver/Operational
Circular             1052672           0 Microsoft-User Experience Virtualization-App Agent/Operational
Circular             1052672           0 Microsoft-User Experience Virtualization-IPC/Operational
Circular             1052672           0 Microsoft-User Experience Virtualization-SQM Uploader/Operational
Circular             1052672           0 Microsoft-Windows-AAD/Operational
Circular             1052672           2 Microsoft-Windows-All-User-Install-Agent/Admin
Circular             1052672           0 Microsoft-Windows-AllJoyn/Operational
Circular             1052672           0 Microsoft-Windows-AppHost/Admin
Circular             1052672           0 Microsoft-Windows-AppID/Operational
Circular             1052672           0 Microsoft-Windows-ApplicabilityEngine/Operational
Circular             1052672           0 Microsoft-Windows-Application Server-Applications/Admin
Circular             1052672           0 Microsoft-Windows-Application Server-Applications/Operational
Circular             1052672           0 Microsoft-Windows-Application-Experience/Program-Compatibility-Assistant
Circular             1052672           0 Microsoft-Windows-Application-Experience/Program-Compatibility-Troubleshooter
Circular             1052672           0 Microsoft-Windows-Application-Experience/Program-Inventory
Circular             1052672           0 Microsoft-Windows-Application-Experience/Program-Telemetry
Circular             1052672           0 Microsoft-Windows-Application-Experience/Steps-Recorder
Circular             1052672           0 Microsoft-Windows-AppLocker/EXE and DLL
Circular             1052672           0 Microsoft-Windows-AppLocker/MSI and Script
Circular             1052672           0 Microsoft-Windows-AppLocker/Packaged app-Deployment
Circular             1052672           0 Microsoft-Windows-AppLocker/Packaged app-Execution
Circular             1052672         394 Microsoft-Windows-AppModel-Runtime/Admin
Circular             5242880         358 Microsoft-Windows-AppReadiness/Admin
Circular             5242880          99 Microsoft-Windows-AppReadiness/Operational
Circular             1052672         186 Microsoft-Windows-AppXDeployment/Operational
Circular             5242880        1774 Microsoft-Windows-AppXDeploymentServer/Operational
Get-WinEvent : Could not retrieve information about the Microsoft-Windows-AppXDeploymentServer/Restricted log. Error: Attempted to perform an unauthorized op
eration..
At line:1 char:1
+ Get-WinEvent -ListLog *
+ ~~~~~~~~~~~~~~~~~~~~~~~
    + CategoryInfo          : NotSpecified: (:) [Get-WinEvent], Exception
    + FullyQualifiedErrorId : LogInfoUnavailable,Microsoft.PowerShell.Commands.GetWinEventCommand

Circular             1052672           8 Microsoft-Windows-AppxPackaging/Operational
Get-WinEvent : Could not retrieve information about the Microsoft-Windows-ASN1/Operational log. Error: Attempted to perform an unauthorized operation..
At line:1 char:1
+ Get-WinEvent -ListLog *
+ ~~~~~~~~~~~~~~~~~~~~~~~
    + CategoryInfo          : NotSpecified: (:) [Get-WinEvent], Exception
    + FullyQualifiedErrorId : LogInfoUnavailable,Microsoft.PowerShell.Commands.GetWinEventCommand

Circular             1052672           0 Microsoft-Windows-Audio/CaptureMonitor
Circular             1052672             Microsoft-Windows-Audio/GlitchDetection
Circular             1052672             Microsoft-Windows-Audio/Informational
Circular             1052672           0 Microsoft-Windows-Audio/Operational
Circular             1052672           0 Microsoft-Windows-Audio/PlaybackManager
Circular             1052672           0 Microsoft-Windows-Authentication User Interface/Operational
Circular             1052672             Microsoft-Windows-Authentication/AuthenticationPolicyFailures-DomainController
Circular             1052672             Microsoft-Windows-Authentication/ProtectedUser-Client
Circular             1052672             Microsoft-Windows-Authentication/ProtectedUserFailures-DomainController
Circular             1052672             Microsoft-Windows-Authentication/ProtectedUserSuccesses-DomainController
Circular             1052672           0 Microsoft-Windows-BackgroundTaskInfrastructure/Operational
Circular             1052672             Microsoft-Windows-BackgroundTransfer-ContentPrefetcher/Operational
Circular             1052672           0 Microsoft-Windows-Backup
Circular             1052672             Microsoft-Windows-Base-Filtering-Engine-Connections/Operational
Circular             1052672             Microsoft-Windows-Base-Filtering-Engine-Resource-Flows/Operational
Circular             1052672           0 Microsoft-Windows-BestPractices/Operational
Circular             1052672          26 Microsoft-Windows-Biometrics/Operational
Circular             1052672             Microsoft-Windows-Bits-Client/Analytic
Circular             1052672          29 Microsoft-Windows-Bits-Client/Operational
Circular             1052672           0 Microsoft-Windows-Bluetooth-BthLEPrepairing/Operational
Circular             1052672             Microsoft-Windows-Bluetooth-Bthmini/Operational
Circular             1052672           0 Microsoft-Windows-Bluetooth-MTPEnum/Operational
Circular             1052672           0 Microsoft-Windows-Bluetooth-Policy/Operational
Circular             1052672           0 Microsoft-Windows-BranchCacheSMB/Operational
Get-WinEvent : Could not retrieve information about the Microsoft-Windows-CAPI2/Operational log. Error: Attempted to perform an unauthorized operation..
At line:1 char:1
+ Get-WinEvent -ListLog *
+ ~~~~~~~~~~~~~~~~~~~~~~~
    + CategoryInfo          : NotSpecified: (:) [Get-WinEvent], Exception
    + FullyQualifiedErrorId : LogInfoUnavailable,Microsoft.PowerShell.Commands.GetWinEventCommand

Circular             1052672           0 Microsoft-Windows-CertificateServices-Deployment/Operational
Circular             1052672             Microsoft-Windows-CertificateServicesClient-CredentialRoaming/Operational
Circular             1052672           0 Microsoft-Windows-CertificateServicesClient-Lifecycle-System/Operational
Circular             1052672           0 Microsoft-Windows-CertificateServicesClient-Lifecycle-User/Operational
Circular             1052672             Microsoft-Windows-CertPoleEng/Operational
Circular            10485760             Microsoft-Windows-CloudStore/Debug
Circular             1052672          16 Microsoft-Windows-CloudStore/Operational
Circular             1052672           9 Microsoft-Windows-CodeIntegrity/Operational
Circular             1052672           0 Microsoft-Windows-Compat-Appraiser/Operational
Circular             1052672           0 Microsoft-Windows-Containers-BindFlt/Operational
Circular             1052672           9 Microsoft-Windows-Containers-Wcifs/Operational
Circular             1052672           0 Microsoft-Windows-Containers-Wcnfs/Operational
Circular             1052672           0 Microsoft-Windows-CoreApplication/Operational
Circular             1052672           0 Microsoft-Windows-CorruptedFileRecovery-Client/Operational
Circular             1052672           0 Microsoft-Windows-CorruptedFileRecovery-Server/Operational
Circular             1052672           0 Microsoft-Windows-Crypto-DPAPI/BackUpKeySvc
Circular             1052672             Microsoft-Windows-Crypto-DPAPI/Debug
Circular             1052672          39 Microsoft-Windows-Crypto-DPAPI/Operational
Get-WinEvent : Could not retrieve information about the Microsoft-Windows-Crypto-NCrypt/Operational log. Error: Attempted to perform an unauthorized operatio
n..
At line:1 char:1
+ Get-WinEvent -ListLog *
+ ~~~~~~~~~~~~~~~~~~~~~~~
    + CategoryInfo          : NotSpecified: (:) [Get-WinEvent], Exception
    + FullyQualifiedErrorId : LogInfoUnavailable,Microsoft.PowerShell.Commands.GetWinEventCommand

Circular             1052672           0 Microsoft-Windows-DAL-Provider/Operational
Circular             1052672           0 Microsoft-Windows-DataIntegrityScan/Admin
Circular             1052672           0 Microsoft-Windows-DataIntegrityScan/CrashRecovery
Circular             1052672           0 Microsoft-Windows-DateTimeControlPanel/Operational
Circular             1052672           0 Microsoft-Windows-DeviceGuard/Operational
Circular             1052672           1 Microsoft-Windows-DeviceManagement-Enterprise-Diagnostics-Provider/Admin
Circular             1052672           0 Microsoft-Windows-DeviceManagement-Enterprise-Diagnostics-Provider/Operational
Circular             1052672           0 Microsoft-Windows-Devices-Background/Operational
Circular             1052672          92 Microsoft-Windows-DeviceSetupManager/Admin
Circular             1052672          72 Microsoft-Windows-DeviceSetupManager/Operational
Circular             1052672           0 Microsoft-Windows-DeviceSync/Operational
Circular             1052672           0 Microsoft-Windows-DeviceUpdateAgent/Operational
Circular             1052672           0 Microsoft-Windows-Dhcp-Client/Admin
Circular             1052672             Microsoft-Windows-Dhcp-Client/Operational
Circular             1052672           1 Microsoft-Windows-Dhcpv6-Client/Admin
Circular             1052672             Microsoft-Windows-Dhcpv6-Client/Operational
Circular             1052672          24 Microsoft-Windows-Diagnosis-DPS/Operational
Circular             1052672           0 Microsoft-Windows-Diagnosis-PCW/Operational
Circular             1052672           0 Microsoft-Windows-Diagnosis-PLA/Operational
Circular             1052672           0 Microsoft-Windows-Diagnosis-Scheduled/Operational
Circular             1052672           0 Microsoft-Windows-Diagnosis-Scripted/Admin
Circular             1052672           0 Microsoft-Windows-Diagnosis-Scripted/Operational
Circular             1052672           0 Microsoft-Windows-Diagnosis-ScriptedDiagnosticsProvider/Operational
Circular             1052672           0 Microsoft-Windows-Diagnostics-Networking/Operational
Circular             1052672           0 Microsoft-Windows-DirectoryServices-Deployment/Operational
Circular             1052672           0 Microsoft-Windows-DiskDiagnostic/Operational
Circular             1052672           0 Microsoft-Windows-DiskDiagnosticDataCollector/Operational
Circular             1052672           0 Microsoft-Windows-DiskDiagnosticResolver/Operational
Circular             1052672             Microsoft-Windows-DisplayColorCalibration/Operational
Circular             1052672             Microsoft-Windows-DNS-Client/Operational
Circular             1052672             Microsoft-Windows-DriverFrameworks-UserMode/Operational
Circular             1052672           0 Microsoft-Windows-DSC/Admin
Circular             1052672           0 Microsoft-Windows-DSC/Operational
Circular             1052672           0 Microsoft-Windows-EapHost/Operational
Circular             1052672           0 Microsoft-Windows-EapMethods-RasChap/Operational
Circular             1052672           0 Microsoft-Windows-EapMethods-RasTls/Operational
Circular             1052672           0 Microsoft-Windows-EapMethods-Sim/Operational
Circular             1052672           0 Microsoft-Windows-EapMethods-Ttls/Operational
Circular             1052672           0 Microsoft-Windows-EDP-Application-Learning/Admin
Circular             1052672           0 Microsoft-Windows-EDP-Audit-Regular/Admin
Circular             1052672           0 Microsoft-Windows-EDP-Audit-TCB/Admin
Circular             1052672           0 Microsoft-Windows-EnrollmentPolicyWebService/Admin
Circular             1052672           0 Microsoft-Windows-EnrollmentWebService/Admin
Circular             1052672             Microsoft-Windows-ESE/Operational
Circular             1052672           0 Microsoft-Windows-EventCollector/Operational
Circular             1052672           0 Microsoft-Windows-Fault-Tolerant-Heap/Operational
Circular             1052672           0 Microsoft-Windows-FeatureConfiguration/Operational
Circular             1052672           0 Microsoft-Windows-FederationServices-Deployment/Operational
Circular             1052672           0 Microsoft-Windows-FileServices-ServerManager-EventProvider/Admin
Circular             1052672           0 Microsoft-Windows-FileServices-ServerManager-EventProvider/Operational
Circular             1052672           0 Microsoft-Windows-FileShareShadowCopyProvider/Operational
Circular             1052672           0 Microsoft-Windows-FMS/Operational
Circular             4194304           0 Microsoft-Windows-Folder Redirection/Operational
Circular             1052672           0 Microsoft-Windows-Forwarding/Operational
Circular             1052672           0 Microsoft-Windows-GenericRoaming/Admin
Circular             1052672             Microsoft-Windows-glcnd/Admin
Get-WinEvent : Could not retrieve information about the Microsoft-Windows-GroupPolicy/Operational log. Error: Attempted to perform an unauthorized operation.
.
At line:1 char:1
+ Get-WinEvent -ListLog *
+ ~~~~~~~~~~~~~~~~~~~~~~~
    + CategoryInfo          : NotSpecified: (:) [Get-WinEvent], Exception
    + FullyQualifiedErrorId : LogInfoUnavailable,Microsoft.PowerShell.Commands.GetWinEventCommand

Circular             1052672          86 Microsoft-Windows-HelloForBusiness/Operational
Get-WinEvent : Could not retrieve information about the Microsoft-Windows-Help/Operational log. Error: Attempted to perform an unauthorized operation..
At line:1 char:1
+ Get-WinEvent -ListLog *
+ ~~~~~~~~~~~~~~~~~~~~~~~
    + CategoryInfo          : NotSpecified: (:) [Get-WinEvent], Exception
    + FullyQualifiedErrorId : LogInfoUnavailable,Microsoft.PowerShell.Commands.GetWinEventCommand

Circular             1052672           0 Microsoft-Windows-HomeGroup Control Panel/Operational
Circular             1052672             Microsoft-Windows-HttpService/Log
Circular             1052672             Microsoft-Windows-HttpService/Trace
Circular             1052672           0 Microsoft-Windows-Hyper-V-Guest-Drivers/Admin
Circular             1052672             Microsoft-Windows-Hyper-V-Guest-Drivers/Operational
Get-WinEvent : Could not retrieve information about the Microsoft-Windows-Hyper-V-Hypervisor-Admin log. Error: Attempted to perform an unauthorized operation
..
At line:1 char:1
+ Get-WinEvent -ListLog *
+ ~~~~~~~~~~~~~~~~~~~~~~~
    + CategoryInfo          : NotSpecified: (:) [Get-WinEvent], Exception
    + FullyQualifiedErrorId : LogInfoUnavailable,Microsoft.PowerShell.Commands.GetWinEventCommand

Get-WinEvent : Could not retrieve information about the Microsoft-Windows-Hyper-V-Hypervisor-Operational log. Error: Attempted to perform an unauthorized ope
ration..
At line:1 char:1
+ Get-WinEvent -ListLog *
+ ~~~~~~~~~~~~~~~~~~~~~~~
    + CategoryInfo          : NotSpecified: (:) [Get-WinEvent], Exception
    + FullyQualifiedErrorId : LogInfoUnavailable,Microsoft.PowerShell.Commands.GetWinEventCommand

Circular             1052672           0 Microsoft-Windows-IdCtrls/Operational
Circular             1052672           0 Microsoft-Windows-IKE/Operational
Circular             1052672           0 Microsoft-Windows-International-RegionalOptionsControlPanel/Operational
Circular             1052672           7 Microsoft-Windows-International/Operational
Circular             1052672           0 Microsoft-Windows-Iphlpsvc/Operational
Circular             1052672           0 Microsoft-Windows-KdsSvc/Operational
Circular             1052672             Microsoft-Windows-Kerberos-KdcProxy/Operational
Circular             1052672             Microsoft-Windows-Kerberos/Operational
Circular             1052672           0 Microsoft-Windows-Kernel-ApphelpCache/Operational
Circular             1052672         117 Microsoft-Windows-Kernel-Boot/Operational
Circular             1052672           0 Microsoft-Windows-Kernel-EventTracing/Admin
Circular             1052672         584 Microsoft-Windows-Kernel-IO/Operational
Circular             1052672         117 Microsoft-Windows-Kernel-PnP/Configuration
Circular             1052672           0 Microsoft-Windows-Kernel-Power/Thermal-Operational
Circular             1052672           2 Microsoft-Windows-Kernel-ShimEngine/Operational
Circular             1052672           0 Microsoft-Windows-Kernel-StoreMgr/Operational
Circular             1052672           0 Microsoft-Windows-Kernel-WDI/Operational
Circular             1052672           0 Microsoft-Windows-Kernel-WHEA/Errors
Circular             1052672          18 Microsoft-Windows-Kernel-WHEA/Operational
Circular             1052672         114 Microsoft-Windows-Known Folders API Service
Circular             1052672           2 Microsoft-Windows-LanguagePackSetup/Operational
Circular             1052672             Microsoft-Windows-LinkLayerDiscoveryProtocol/Operational
Get-WinEvent : Could not retrieve information about the Microsoft-Windows-LiveId/Operational log. Error: Attempted to perform an unauthorized operation..
At line:1 char:1
+ Get-WinEvent -ListLog *
+ ~~~~~~~~~~~~~~~~~~~~~~~
    + CategoryInfo          : NotSpecified: (:) [Get-WinEvent], Exception
    + FullyQualifiedErrorId : LogInfoUnavailable,Microsoft.PowerShell.Commands.GetWinEventCommand

Circular             1052672             Microsoft-Windows-LSA/Operational
Circular             1052672           0 Microsoft-Windows-ManagementTools-RegistryProvider/Operational
Circular             1052672           0 Microsoft-Windows-ManagementTools-TaskManagerProvider/Operational
Circular             1052672             Microsoft-Windows-MediaFoundation-Performance/SARStreamResource
Circular             1052672           0 Microsoft-Windows-MemoryDiagnostics-Results/Debug
Circular             1052672           0 Microsoft-Windows-MiStreamProvider/Operational
Circular             1052672           0 Microsoft-Windows-Mobile-Broadband-Experience-Parser-Task/Operational
Circular             1052672           0 Microsoft-Windows-Mobile-Broadband-Experience-SmsRouter/Admin
Circular             1052672           0 Microsoft-Windows-Mprddm/Operational
Circular             1052672           0 Microsoft-Windows-MsLbfoProvider/Operational
Circular             1052672             Microsoft-Windows-MSPaint/Admin
Circular             1052672           0 Microsoft-Windows-MUI/Admin
Circular             1052672          22 Microsoft-Windows-MUI/Operational
Circular             1052672             Microsoft-Windows-Ncasvc/Operational
Circular             1052672          10 Microsoft-Windows-NCSI/Operational
Circular             1052672             Microsoft-Windows-NDIS/Operational
Circular             1052672           0 Microsoft-Windows-NdisImPlatform/Operational
Circular             1052672           0 Microsoft-Windows-NetworkLocationWizard/Operational
Circular             1052672          46 Microsoft-Windows-NetworkProfile/Operational
Get-WinEvent : Could not retrieve information about the Microsoft-Windows-NetworkProvider/Operational log. Error: Attempted to perform an unauthorized operat
ion..
At line:1 char:1
+ Get-WinEvent -ListLog *
+ ~~~~~~~~~~~~~~~~~~~~~~~
    + CategoryInfo          : NotSpecified: (:) [Get-WinEvent], Exception
    + FullyQualifiedErrorId : LogInfoUnavailable,Microsoft.PowerShell.Commands.GetWinEventCommand

Circular             1052672           0 Microsoft-Windows-NlaSvc/Operational
Circular            33554432          24 Microsoft-Windows-Ntfs/Operational
Circular             1052672           9 Microsoft-Windows-Ntfs/WHC
Circular             1052672           0 Microsoft-Windows-NTLM/Operational
Circular             1052672           0 Microsoft-Windows-OfflineFiles/Operational
Circular             1052672             Microsoft-Windows-OneX/Operational
Circular             1052672           0 Microsoft-Windows-OOBE-Machine-DUI/Operational
Circular             1052672             Microsoft-Windows-OtpCredentialProvider/Operational
Circular             1052672           0 Microsoft-Windows-PackageStateRoaming/Operational
Circular            16777216          17 Microsoft-Windows-Partition/Diagnostic
Circular             1052672           0 Microsoft-Windows-PerceptionRuntime/Operational
Circular             1052672           0 Microsoft-Windows-PerceptionSensorDataService/Operational
Circular             1052672           0 Microsoft-Windows-PersistentMemory-Nvdimm/Operational
Circular             1052672           0 Microsoft-Windows-PersistentMemory-PmemDisk/Operational
Circular             1052672           0 Microsoft-Windows-PersistentMemory-ScmBus/Certification
Circular             1052672             Microsoft-Windows-PersistentMemory-ScmBus/Operational
Circular             1052672           0 Microsoft-Windows-Policy/Operational
Circular             1052672           0 Microsoft-Windows-PowerShell-DesiredStateConfiguration-FileDownloadManager/Operational
Retain            1048985600           0 Microsoft-Windows-PowerShell/Admin
Circular            15728640        1034 Microsoft-Windows-PowerShell/Operational
Circular             1052672           0 Microsoft-Windows-PrintBRM/Admin
Circular             1052672          20 Microsoft-Windows-PrintService/Admin
Circular             1052672             Microsoft-Windows-PrintService/Operational
Circular             1052672           0 Microsoft-Windows-PriResources-Deployment/Operational
Circular             1052672             Microsoft-Windows-Program-Compatibility-Assistant/Analytic
Circular             1052672           0 Microsoft-Windows-Program-Compatibility-Assistant/CompatAfterUpgrade
Circular             1052672             Microsoft-Windows-Proximity-Common/Diagnostic
Circular             1052672           0 Microsoft-Windows-PushNotification-Platform/Admin
Circular             1052672         229 Microsoft-Windows-PushNotification-Platform/Operational
Circular             1052672             Microsoft-Windows-RasAgileVpn/Operational
Circular             1052672           0 Microsoft-Windows-ReadyBoost/Operational
Circular             1052672           0 Microsoft-Windows-ReFS/Operational
Circular             1052672           0 Microsoft-Windows-Regsvr32/Operational
Circular             1052672           0 Microsoft-Windows-RemoteApp and Desktop Connections/Admin
Circular             1052672           0 Microsoft-Windows-RemoteApp and Desktop Connections/Operational
Circular             1052672           0 Microsoft-Windows-RemoteDesktopServices-RdpCoreTS/Admin
Circular             1052672        1551 Microsoft-Windows-RemoteDesktopServices-RdpCoreTS/Operational
Circular             1052672           0 Microsoft-Windows-RemoteDesktopServices-RemoteFX-Synth3dvsc/Admin
Circular             1052672           0 Microsoft-Windows-RemoteDesktopServices-SessionServices/Operational
Circular             1052672             Microsoft-Windows-Remotefs-Rdbss/Operational
Circular             1052672          11 Microsoft-Windows-Resource-Exhaustion-Detector/Operational
Circular             1052672           6 Microsoft-Windows-Resource-Exhaustion-Resolver/Operational
Circular             1052672           0 Microsoft-Windows-RestartManager/Operational
Circular             1052672             Microsoft-Windows-RRAS/Operational
Circular             1052672           0 Microsoft-Windows-SearchUI/Operational
Circular             1052672           0 Microsoft-Windows-Security-Adminless/Operational
Circular             1052672           0 Microsoft-Windows-Security-Audit-Configuration-Client/Operational
Circular             1052672           0 Microsoft-Windows-Security-EnterpriseData-FileRevocationManager/Operational
Circular             1052672             Microsoft-Windows-Security-ExchangeActiveSyncProvisioning/Operational
Circular             1052672             Microsoft-Windows-Security-IdentityListener/Operational
Circular             1052672           0 Microsoft-Windows-Security-LessPrivilegedAppContainer/Operational
Circular             1052672         170 Microsoft-Windows-Security-Mitigations/KernelMode
Circular             1052672           0 Microsoft-Windows-Security-Mitigations/UserMode
Circular             1052672           0 Microsoft-Windows-Security-Netlogon/Operational
Circular             1052672           0 Microsoft-Windows-Security-SPP-UX-GenuineCenter-Logging/Operational
Circular             1052672           1 Microsoft-Windows-Security-SPP-UX-Notifications/ActionCenter
Circular             1052672           0 Microsoft-Windows-Security-UserConsentVerifier/Audit
Circular             1052672             Microsoft-Windows-SecurityMitigationsBroker/Admin
Circular             1052672           0 Microsoft-Windows-SecurityMitigationsBroker/Operational
Circular             1052672           0 Microsoft-Windows-SENSE/Operational
Circular             1052672           0 Microsoft-Windows-SenseIR/Operational
Circular             1052672           0 Microsoft-Windows-ServerManager-ConfigureSMRemoting/Operational
Circular             1052672           5 Microsoft-Windows-ServerManager-DeploymentProvider/Operational
Circular             1052672           0 Microsoft-Windows-ServerManager-MgmtProvider/Operational
Circular             1052672           0 Microsoft-Windows-ServerManager-MultiMachine/Admin
Circular             1052672         270 Microsoft-Windows-ServerManager-MultiMachine/Operational
Circular             1052672             Microsoft-Windows-ServiceReportingApi/Debug
Circular             1052672           0 Microsoft-Windows-SettingSync-Azure/Debug
Circular             1052672           0 Microsoft-Windows-SettingSync-Azure/Operational
Circular             1052672           0 Microsoft-Windows-SettingSync-OneDrive/Debug
Circular             1052672           0 Microsoft-Windows-SettingSync-OneDrive/Operational
Circular             1052672          58 Microsoft-Windows-SettingSync/Debug
Circular             1052672           3 Microsoft-Windows-SettingSync/Operational
Circular             1052672           0 Microsoft-Windows-Shell-ConnectedAccountState/ActionCenter
Circular             1052672           0 Microsoft-Windows-Shell-Core/ActionCenter
Circular             1052672        1063 Microsoft-Windows-Shell-Core/AppDefaults
Circular             1052672           0 Microsoft-Windows-Shell-Core/LogonTasksChannel
Circular             1052672        1205 Microsoft-Windows-Shell-Core/Operational
Circular             1052672         199 Microsoft-Windows-ShellCommon-StartLayoutPopulation/Operational
Circular             1052672           0 Microsoft-Windows-SilProvider/Operational
Circular             1052672           0 Microsoft-Windows-SmartCard-Audit/Authentication
Circular             1052672           0 Microsoft-Windows-SmartCard-DeviceEnum/Operational
Circular             1052672           0 Microsoft-Windows-SmartCard-TPM-VCard-Module/Admin
Circular             1052672           0 Microsoft-Windows-SmartCard-TPM-VCard-Module/Operational
Circular             1052672             Microsoft-Windows-SmartScreen/Debug
Get-WinEvent : Could not retrieve information about the Microsoft-Windows-SmbClient/Audit log. Error: Attempted to perform an unauthorized operation..
At line:1 char:1
+ Get-WinEvent -ListLog *
+ ~~~~~~~~~~~~~~~~~~~~~~~
    + CategoryInfo          : NotSpecified: (:) [Get-WinEvent], Exception
    + FullyQualifiedErrorId : LogInfoUnavailable,Microsoft.PowerShell.Commands.GetWinEventCommand

Get-WinEvent : Could not retrieve information about the Microsoft-Windows-SmbClient/Connectivity log. Error: Attempted to perform an unauthorized operation..
At line:1 char:1
+ Get-WinEvent -ListLog *
+ ~~~~~~~~~~~~~~~~~~~~~~~
    + CategoryInfo          : NotSpecified: (:) [Get-WinEvent], Exception
    + FullyQualifiedErrorId : LogInfoUnavailable,Microsoft.PowerShell.Commands.GetWinEventCommand

Get-WinEvent : Could not retrieve information about the Microsoft-Windows-SMBClient/Operational log. Error: Attempted to perform an unauthorized operation..
At line:1 char:1
+ Get-WinEvent -ListLog *
+ ~~~~~~~~~~~~~~~~~~~~~~~
    + CategoryInfo          : NotSpecified: (:) [Get-WinEvent], Exception
    + FullyQualifiedErrorId : LogInfoUnavailable,Microsoft.PowerShell.Commands.GetWinEventCommand

Get-WinEvent : Could not retrieve information about the Microsoft-Windows-SmbClient/Security log. Error: Attempted to perform an unauthorized operation..
At line:1 char:1
+ Get-WinEvent -ListLog *
+ ~~~~~~~~~~~~~~~~~~~~~~~
    + CategoryInfo          : NotSpecified: (:) [Get-WinEvent], Exception
    + FullyQualifiedErrorId : LogInfoUnavailable,Microsoft.PowerShell.Commands.GetWinEventCommand

Circular             1052672           0 Microsoft-Windows-SMBDirect/Admin
Get-WinEvent : Could not retrieve information about the Microsoft-Windows-SMBServer/Audit log. Error: Attempted to perform an unauthorized operation..
At line:1 char:1
+ Get-WinEvent -ListLog *
+ ~~~~~~~~~~~~~~~~~~~~~~~
    + CategoryInfo          : NotSpecified: (:) [Get-WinEvent], Exception
    + FullyQualifiedErrorId : LogInfoUnavailable,Microsoft.PowerShell.Commands.GetWinEventCommand

Get-WinEvent : Could not retrieve information about the Microsoft-Windows-SMBServer/Connectivity log. Error: Attempted to perform an unauthorized operation..
At line:1 char:1
+ Get-WinEvent -ListLog *
+ ~~~~~~~~~~~~~~~~~~~~~~~
    + CategoryInfo          : NotSpecified: (:) [Get-WinEvent], Exception
    + FullyQualifiedErrorId : LogInfoUnavailable,Microsoft.PowerShell.Commands.GetWinEventCommand

Get-WinEvent : Could not retrieve information about the Microsoft-Windows-SMBServer/Operational log. Error: Attempted to perform an unauthorized operation..
At line:1 char:1
+ Get-WinEvent -ListLog *
+ ~~~~~~~~~~~~~~~~~~~~~~~
    + CategoryInfo          : NotSpecified: (:) [Get-WinEvent], Exception
    + FullyQualifiedErrorId : LogInfoUnavailable,Microsoft.PowerShell.Commands.GetWinEventCommand

Get-WinEvent : Could not retrieve information about the Microsoft-Windows-SMBServer/Security log. Error: Attempted to perform an unauthorized operation..
At line:1 char:1
+ Get-WinEvent -ListLog *
+ ~~~~~~~~~~~~~~~~~~~~~~~
    + CategoryInfo          : NotSpecified: (:) [Get-WinEvent], Exception
    + FullyQualifiedErrorId : LogInfoUnavailable,Microsoft.PowerShell.Commands.GetWinEventCommand

Circular             1052672           0 Microsoft-Windows-SMBWitnessClient/Admin
Circular             1052672           0 Microsoft-Windows-SMBWitnessClient/Informational
Circular             5242880         206 Microsoft-Windows-StateRepository/Operational
Get-WinEvent : Could not retrieve information about the Microsoft-Windows-StateRepository/Restricted log. Error: Attempted to perform an unauthorized operati
on..
At line:1 char:1
+ Get-WinEvent -ListLog *
+ ~~~~~~~~~~~~~~~~~~~~~~~
    + CategoryInfo          : NotSpecified: (:) [Get-WinEvent], Exception
    + FullyQualifiedErrorId : LogInfoUnavailable,Microsoft.PowerShell.Commands.GetWinEventCommand

Circular             1052672             Microsoft-Windows-Storage-ATAPort/Admin
Circular             1052672             Microsoft-Windows-Storage-ATAPort/Operational
Circular             1052672             Microsoft-Windows-Storage-ClassPnP/Admin
Circular             6291456           0 Microsoft-Windows-Storage-ClassPnP/Operational
Circular             1052672             Microsoft-Windows-Storage-Disk/Admin
Circular             1052672             Microsoft-Windows-Storage-Disk/Operational
Circular             1052672             Microsoft-Windows-Storage-Storport/Admin
Circular             6291456           0 Microsoft-Windows-Storage-Storport/Health
Circular            33554432          54 Microsoft-Windows-Storage-Storport/Operational
Circular             1052672           0 Microsoft-Windows-Storage-Tiering/Admin
Circular             1052672           0 Microsoft-Windows-StorageManagement-PartUtil/Operational
Circular            33554432           0 Microsoft-Windows-StorageManagement/Operational
Circular             1052672           0 Microsoft-Windows-StorageSpaces-Api/Operational
Circular            16777216           0 Microsoft-Windows-StorageSpaces-Driver/Diagnostic
Circular             1052672          17 Microsoft-Windows-StorageSpaces-Driver/Operational
Circular             1052672           0 Microsoft-Windows-StorageSpaces-ManagementAgent/WHC
Circular            16777216           0 Microsoft-Windows-StorageSpaces-SpaceManager/Diagnostic
Circular             1052672           0 Microsoft-Windows-StorageSpaces-SpaceManager/Operational
Circular            20000000          70 Microsoft-Windows-Store/Operational
Circular           314572800       16109 Microsoft-Windows-SystemDataArchiver/Diagnostic
Circular             1052672           0 Microsoft-Windows-SystemSettingsThreshold/Operational
Circular             1052672           8 Microsoft-Windows-TaskScheduler/Maintenance
Circular            10485760             Microsoft-Windows-TaskScheduler/Operational
Circular             1052672           0 Microsoft-Windows-TCPIP/Operational
Circular             1052672           0 Microsoft-Windows-TerminalServices-ClientUSBDevices/Admin
Circular             1052672           0 Microsoft-Windows-TerminalServices-ClientUSBDevices/Operational
Circular             1052672           0 Microsoft-Windows-TerminalServices-LocalSessionManager/Admin
Circular             1052672         128 Microsoft-Windows-TerminalServices-LocalSessionManager/Operational
Circular             1052672           0 Microsoft-Windows-TerminalServices-PnPDevices/Admin
Circular             1052672           0 Microsoft-Windows-TerminalServices-PnPDevices/Operational
Circular             1052672          15 Microsoft-Windows-TerminalServices-Printers/Admin
Circular             1052672           0 Microsoft-Windows-TerminalServices-Printers/Operational
Circular             1052672           0 Microsoft-Windows-TerminalServices-RDPClient/Operational
Circular             1052672           7 Microsoft-Windows-TerminalServices-RemoteConnectionManager/Admin
Circular             1052672          70 Microsoft-Windows-TerminalServices-RemoteConnectionManager/Operational
Circular             1052672           0 Microsoft-Windows-TerminalServices-ServerUSBDevices/Admin
Circular             1052672           0 Microsoft-Windows-TerminalServices-ServerUSBDevices/Operational
Circular             1052672           0 Microsoft-Windows-TerminalServices-SessionBroker-Client/Admin
Circular             1052672           0 Microsoft-Windows-TerminalServices-SessionBroker-Client/Operational
Circular             1052672           0 Microsoft-Windows-Time-Service-PTP-Provider/PTP-Operational
Circular             1052672        1133 Microsoft-Windows-Time-Service/Operational
Circular             1052672           1 Microsoft-Windows-TWinUI/Operational
Circular             1052672           0 Microsoft-Windows-TZSync/Operational
Circular             1052672           0 Microsoft-Windows-TZUtil/Operational
Get-WinEvent : Could not retrieve information about the Microsoft-Windows-UAC-FileVirtualization/Operational log. Error: Attempted to perform an unauthorized
 operation..
At line:1 char:1
+ Get-WinEvent -ListLog *
+ ~~~~~~~~~~~~~~~~~~~~~~~
    + CategoryInfo          : NotSpecified: (:) [Get-WinEvent], Exception
    + FullyQualifiedErrorId : LogInfoUnavailable,Microsoft.PowerShell.Commands.GetWinEventCommand

Circular             1052672           0 Microsoft-Windows-UAC/Operational
Circular             1052672           0 Microsoft-Windows-UniversalTelemetryClient/Operational
Circular             1052672           0 Microsoft-Windows-User Control Panel/Operational
Circular             1052672          31 Microsoft-Windows-User Device Registration/Admin
Circular             4194304          49 Microsoft-Windows-User Profile Service/Operational
Circular             1052672           0 Microsoft-Windows-User-Loader/Operational
Circular             1052672           0 Microsoft-Windows-UserPnp/ActionCenter
Circular             1052672           9 Microsoft-Windows-UserPnp/DeviceInstall
Circular             1052672           0 Microsoft-Windows-VDRVROOT/Operational
Circular             1052672           0 Microsoft-Windows-VerifyHardwareSecurity/Admin
Circular             1052672             Microsoft-Windows-VerifyHardwareSecurity/Operational
Circular             1052672           0 Microsoft-Windows-VHDMP-Operational
Circular             1052672           0 Microsoft-Windows-Volume/Diagnostic
Circular             1052672          20 Microsoft-Windows-VolumeSnapshot-Driver/Operational
Circular             1052672           0 Microsoft-Windows-VPN-Client/Operational
Circular             1052672           0 Microsoft-Windows-VPN/Operational
Circular             1052672         103 Microsoft-Windows-Wcmsvc/Operational
Circular             1052672             Microsoft-Windows-WebAuth/Operational
Circular             5242880          15 Microsoft-Windows-WebAuthN/Operational
Circular             1052672             Microsoft-Windows-WebIO-NDF/Diagnostic
Circular             1052672             Microsoft-Windows-WEPHOSTSVC/Operational
Circular             1052672           0 Microsoft-Windows-WER-PayloadHealth/Operational
Circular             1052672           0 Microsoft-Windows-WFP/Operational
Circular             1052672          50 Microsoft-Windows-Win32k/Operational
Circular             1052672          55 Microsoft-Windows-Windows Defender/Operational
Circular             1052672           0 Microsoft-Windows-Windows Defender/WHC
Get-WinEvent : Could not retrieve information about the Microsoft-Windows-Windows Firewall With Advanced Security/ConnectionSecurity log. Error: Attempted to
 perform an unauthorized operation..
At line:1 char:1
+ Get-WinEvent -ListLog *
+ ~~~~~~~~~~~~~~~~~~~~~~~
    + CategoryInfo          : NotSpecified: (:) [Get-WinEvent], Exception
    + FullyQualifiedErrorId : LogInfoUnavailable,Microsoft.PowerShell.Commands.GetWinEventCommand

Get-WinEvent : Could not retrieve information about the Microsoft-Windows-Windows Firewall With Advanced Security/ConnectionSecurityVerbose log. Error: Attem
pted to perform an unauthorized operation..
At line:1 char:1
+ Get-WinEvent -ListLog *
+ ~~~~~~~~~~~~~~~~~~~~~~~
    + CategoryInfo          : NotSpecified: (:) [Get-WinEvent], Exception
    + FullyQualifiedErrorId : LogInfoUnavailable,Microsoft.PowerShell.Commands.GetWinEventCommand

Circular             1052672         418 Microsoft-Windows-Windows Firewall With Advanced Security/Firewall
Circular             1052672           9 Microsoft-Windows-Windows Firewall With Advanced Security/FirewallDiagnostics
Circular             1052672             Microsoft-Windows-Windows Firewall With Advanced Security/FirewallVerbose
Circular             1052672             Microsoft-Windows-WindowsColorSystem/Operational
Circular             1052672           0 Microsoft-Windows-WindowsSystemAssessmentTool/Operational
Circular             1052672             Microsoft-Windows-WindowsUIImmersive/Operational
Circular             1052672          34 Microsoft-Windows-WindowsUpdateClient/Operational
Circular             1052672             Microsoft-Windows-WinHTTP-NDF/Diagnostic
Circular             1052672             Microsoft-Windows-WinINet-Capture/Analytic
Circular             1052672           0 Microsoft-Windows-WinINet-Config/ProxyConfigChanged
Circular             1052672         488 Microsoft-Windows-Winlogon/Operational
Circular             1052672             Microsoft-Windows-WinNat/Oper
Circular             1052672          60 Microsoft-Windows-WinRM/Operational
Circular             1052672             Microsoft-Windows-Winsock-AFD/Operational
Circular             1052672             Microsoft-Windows-Winsock-NameResolution/Operational
Circular             1052672           0 Microsoft-Windows-Winsock-WS2HELP/Operational
Circular             1052672           0 Microsoft-Windows-Wired-AutoConfig/Operational
Circular             1052672         466 Microsoft-Windows-WMI-Activity/Operational
Circular             1052672           0 Microsoft-Windows-WMPNSS-Service/Operational
Circular             1052672             Microsoft-Windows-Wordpad/Admin
Circular             1052672           0 Microsoft-Windows-Workplace Join/Admin
Circular             1052672           0 Microsoft-Windows-WPD-ClassInstaller/Operational
Circular             1052672           0 Microsoft-Windows-WPD-CompositeClassDriver/Operational
Circular             1052672           0 Microsoft-Windows-WPD-MTPClassDriver/Operational
Get-WinEvent : Could not retrieve information about the Network Isolation Operational log. Error: Attempted to perform an unauthorized operation..
At line:1 char:1
+ Get-WinEvent -ListLog *
+ ~~~~~~~~~~~~~~~~~~~~~~~
    + CategoryInfo          : NotSpecified: (:) [Get-WinEvent], Exception
    + FullyQualifiedErrorId : LogInfoUnavailable,Microsoft.PowerShell.Commands.GetWinEventCommand

Circular             1052672           0 OpenSSH/Admin
Circular             1052672           0 OpenSSH/Operational
Circular             1052672           7 Setup
Circular             1052672           0 SMSApi
Circular             1052672             Windows Networking Vpn Plugin Platform/Operational
Circular             1052672             Windows Networking Vpn Plugin Platform/OperationalVerbose


PS C:\Users\NormalUser>
PS C:\Users\NormalUser>
PS C:\Users\NormalUser> date

2020年11月17日 1:09:46


PS C:\Users\NormalUser>